<?xml version="1.0" encoding="UTF-8"?>
<!-- Generated by org.testng.reporters.JUnitReportReporter -->
<testsuite skipped="0" hostname="NB-1810" name="mayu.test.Load26" tests="3" failures="0" timestamp="2020-12-10T15:48:11 CET" time="29.596" errors="0">
  <testcase name="Test3" time="11.879" classname="mayu.test.Load26"/>
  <system-out/>
  <testcase name="Test1" time="8.969" classname="mayu.test.Load26"/>
  <system-out/>
  <testcase name="Test2" time="8.748" classname="mayu.test.Load26"/>
  <system-out/>
</testsuite> <!-- mayu.test.Load26 -->
