<?xml version="1.0" encoding="UTF-8"?>
<!-- Generated by org.testng.reporters.JUnitReportReporter -->
<testsuite skipped="0" hostname="NB-1810" name="mayu.test.Load26" tests="3" failures="0" timestamp="10 Dec 2020 15:03:57 GMT" time="28.661" errors="0">
  <testcase name="Test1" time="12.413" classname="mayu.test.Load26"/>
  <testcase name="Test3" time="8.394" classname="mayu.test.Load26"/>
  <testcase name="Test2" time="7.854" classname="mayu.test.Load26"/>
</testsuite> <!-- mayu.test.Load26 -->
